Command line invocation:
    /Applications/Xcode.app/Contents/Developer/usr/bin/xcodebuild -project /Users/tianhuang/Desktop/orbital2024/PAWTENTIAL/Microhard-Corp.---PAWTENTIAL/ios/PAWTENTIAL.xcodeproj -configuration Debug -scheme PAWTENTIAL -destination id=5BCB0202-E627-4A58-8CF4-BB190C0B9515

User defaults from command line:
    IDEPackageSupportUseBuiltinSCM = YES

Prepare packages

ComputeTargetDependencyGraph
note: Building targets in dependency order
note: Target dependency graph (1 target)
    Target 'PAWTENTIAL' in project 'PAWTENTIAL' (no dependencies)

GatherProvisioningInputs

CreateBuildDescription

ExecuteExternalTool /Applications/Xcode.app/Contents/Developer/Toolchains/XcodeDefault.xctoolchain/usr/bin/clang -v -E -dM -arch arm64 -isysroot /Applications/Xcode.app/Contents/Developer/Platforms/iPhoneSimulator.platform/Developer/SDKs/iPhoneSimulator17.5.sdk -x c -c /dev/null

ExecuteExternalTool /Applications/Xcode.app/Contents/Developer/Toolchains/XcodeDefault.xctoolchain/usr/bin/clang -v -E -dM -isysroot /Applications/Xcode.app/Contents/Developer/Platforms/iPhoneSimulator.platform/Developer/SDKs/iPhoneSimulator17.5.sdk -x c -c /dev/null

ExecuteExternalTool /Applications/Xcode.app/Contents/Developer/usr/bin/ibtool --version --output-format xml1

ExecuteExternalTool /Applications/Xcode.app/Contents/Developer/Toolchains/XcodeDefault.xctoolchain/usr/bin/clang -v -E -dM -arch arm64 -isysroot /Applications/Xcode.app/Contents/Developer/Platforms/iPhoneSimulator.platform/Developer/SDKs/iPhoneSimulator17.5.sdk -x objective-c++ -c /dev/null

ExecuteExternalTool /Applications/Xcode.app/Contents/Developer/Toolchains/XcodeDefault.xctoolchain/usr/bin/clang -v -E -dM -arch arm64 -isysroot /Applications/Xcode.app/Contents/Developer/Platforms/iPhoneSimulator.platform/Developer/SDKs/iPhoneSimulator17.5.sdk -x objective-c -c /dev/null

ExecuteExternalTool /Applications/Xcode.app/Contents/Developer/usr/bin/actool --print-asset-tag-combinations --output-format xml1 /Users/tianhuang/Desktop/orbital2024/PAWTENTIAL/Microhard-Corp.---PAWTENTIAL/ios/PAWTENTIAL/Images.xcassets

ExecuteExternalTool /Applications/Xcode.app/Contents/Developer/usr/bin/actool --version --output-format xml1

ExecuteExternalTool /Applications/Xcode.app/Contents/Developer/Toolchains/XcodeDefault.xctoolchain/usr/bin/swiftc -v

ExecuteExternalTool /Applications/Xcode.app/Contents/Developer/Toolchains/XcodeDefault.xctoolchain/usr/bin/ld -version_details

Build description signature: 80a651c62d1f5c83fc2525a753efa8ed
Build description path: /Users/tianhuang/Library/Developer/Xcode/DerivedData/PAWTENTIAL-cwercxfalguejraimatabnnhoaeu/Build/Intermediates.noindex/XCBuildData/80a651c62d1f5c83fc2525a753efa8ed.xcbuilddata
/Users/tianhuang/Desktop/orbital2024/PAWTENTIAL/Microhard-Corp.---PAWTENTIAL/ios/PAWTENTIAL.xcodeproj:1:1: error: Unable to open base configuration reference file '/Users/tianhuang/Desktop/orbital2024/PAWTENTIAL/Microhard-Corp.---PAWTENTIAL/ios/Pods/Target Support Files/Pods-PAWTENTIAL/Pods-PAWTENTIAL.debug.xcconfig'. (in target 'PAWTENTIAL' from project 'PAWTENTIAL')
note: Run script build phase 'Bundle React Native code and images' will be run during every build because the option to run the script phase "Based on dependency analysis" is unchecked. (in target 'PAWTENTIAL' from project 'PAWTENTIAL')
