[debug] [2024-06-12T06:35:50.603Z] ----------------------------------------------------------------------
[debug] [2024-06-12T06:35:50.605Z] Command:       /opt/homebrew/Cellar/node/22.2.0/bin/node /opt/homebrew/bin/firebase login
[debug] [2024-06-12T06:35:50.606Z] CLI Version:   13.11.2
[debug] [2024-06-12T06:35:50.606Z] Platform:      darwin
[debug] [2024-06-12T06:35:50.606Z] Node Version:  v22.2.0
[debug] [2024-06-12T06:35:50.606Z] Time:          Wed Jun 12 2024 14:35:50 GMT+0800 (China Standard Time)
[debug] [2024-06-12T06:35:50.606Z] ----------------------------------------------------------------------
[debug] 
[info] i  Firebase optionally collects CLI and Emulator Suite usage and error reporting information to help improve our products. Data is collected in accordance with Google's privacy policy (https://policies.google.com/privacy) and is not used to identify you.
 
[info] i  To change your data collection preference at any time, run `firebase logout` and log in again. 
[info] 
[info] Visit this URL on this device to log in:
[info] https://accounts.google.com/o/oauth2/auth?client_id=563584335869-fgrhgmd47bqnekij5i8b5pr03ho849e6.apps.googleusercontent.com&scope=email%20openid%20https%3A%2F%2Fwww.googleapis.com%2Fauth%2Fcloudplatformprojects.readonly%20https%3A%2F%2Fwww.googleapis.com%2Fauth%2Ffirebase%20https%3A%2F%2Fwww.googleapis.com%2Fauth%2Fcloud-platform&response_type=code&state=804795075&redirect_uri=http%3A%2F%2Flocalhost%3A9005
[info] 
[info] Waiting for authentication...
[debug] [2024-06-12T06:36:39.588Z] >>> [apiv2][query] POST https://accounts.google.com/o/oauth2/token [none]
[debug] [2024-06-12T06:36:39.588Z] >>> [apiv2][body] POST https://accounts.google.com/o/oauth2/token [omitted]
[debug] [2024-06-12T06:37:54.626Z] *** [apiv2] error from fetch(https://accounts.google.com/o/oauth2/token, {"headers":{},"method":"POST","body":{"_overheadLength":543,"_valueLength":208,"_valuesToMeasure":[],"writable":false,"readable":true,"dataSize":0,"maxDataSize":2097152,"pauseStreams":true,"_released":true,"_streams":[],"_currentStream":null,"_insideLoop":false,"_pendingNext":false,"_boundary":"--------------------------867905263854223004839215","_events":{},"_eventsCount":1}}): FetchError: request to https://accounts.google.com/o/oauth2/token failed, reason: connect ETIMEDOUT 8.7.198.46:443
[debug] [2024-06-12T06:37:54.626Z] Token Fetch Error: FirebaseError: Failed to make request to https://accounts.google.com/o/oauth2/token
    at RetryOperation._fn (/opt/homebrew/lib/node_modules/firebase-tools/lib/apiv2.js:259:31)
    at process.processTicksAndRejections (node:internal/process/task_queues:95:5)
[debug] [2024-06-12T06:37:54.633Z] >>> [apiv2][query] POST https://auth.firebase.tools/attest [none]
[debug] [2024-06-12T06:37:54.633Z] >>> [apiv2][body] POST https://auth.firebase.tools/attest {"session_id":"aad054cf-b9f8-42db-bbb4-ff5e4c900895"}
[debug] [2024-06-12T06:37:55.365Z] <<< [apiv2][status] POST https://auth.firebase.tools/attest 200
[debug] [2024-06-12T06:37:55.365Z] <<< [apiv2][body] POST https://auth.firebase.tools/attest {"token":"12MqbOshA__aJLiGBzowGMFxY09GjYdi2_lHATuX604"}
[info] 
[info] To sign in to the Firebase CLI:
[info] 
[info] 1. Take note of your session ID:
[info] 
[info]    AAD05
[info] 
[info] 2. Visit the URL below on any device and follow the instructions to get your code:
[info] 
[info]    https://auth.firebase.tools/login?code_challenge=mtTXy_JIOL6anguru1bsXmlw7N2ojK7bsY7SgyyrWgs&session=aad054cf-b9f8-42db-bbb4-ff5e4c900895&attest=12MqbOshA__aJLiGBzowGMFxY09GjYdi2_lHATuX604
[info] 
[info] 3. Paste or enter the authorization code below once you have it:
[info] 
